2022-04-02 16:39:37,884 INFO o.s.b.StartupInfoLogger [main] Starting SareetaApplication on PPH-LAP-00235 with PID 5033 (/home/sreeharisreekumar/Desktop/webdev4/sucess/starter_code/target/classes started by sreeharisreekumar in /home/sreeharisreekumar/Desktop/webdev4/sucess)
2022-04-02 16:39:37,892 INFO o.s.b.SpringApplication [main] No active profile set, falling back to default profiles: default
2022-04-02 16:39:38,569 INFO o.s.d.r.c.RepositoryConfigurationDelegate [main] Bootstrapping Spring Data repositories in DEFAULT mode.
2022-04-02 16:39:38,663 INFO o.s.d.r.c.RepositoryConfigurationDelegate [main] Finished Spring Data repository scanning in 82ms. Found 4 repository interfaces.
2022-04-02 16:39:39,468 INFO o.s.c.s.PostProcessorRegistrationDelegate$BeanPostProcessorChecker [main] Bean 'org.springframework.transaction.annotation.ProxyTransactionManagementConfiguration' of type [org.springframework.transaction.annotation.ProxyTransactionManagementConfiguration$$EnhancerBySpringCGLIB$$65ce8003] is not eligible for getting processed by all BeanPostProcessors (for example: not eligible for auto-proxying)
2022-04-02 16:39:39,722 INFO o.s.b.w.e.t.TomcatWebServer [main] Tomcat initialized with port(s): 8080 (http)
2022-04-02 16:39:39,737 INFO o.a.j.l.DirectJDKLog [main] Initializing ProtocolHandler ["http-nio-8080"]
2022-04-02 16:39:39,749 INFO o.a.j.l.DirectJDKLog [main] Starting service [Tomcat]
2022-04-02 16:39:39,750 INFO o.a.j.l.DirectJDKLog [main] Starting Servlet engine: [Apache Tomcat/9.0.19]
2022-04-02 16:39:39,833 INFO o.a.j.l.DirectJDKLog [main] Initializing Spring embedded WebApplicationContext
2022-04-02 16:39:39,833 INFO o.s.b.w.s.c.ServletWebServerApplicationContext [main] Root WebApplicationContext: initialization completed in 1870 ms
2022-04-02 16:39:40,006 INFO c.z.h.HikariDataSource [main] HikariPool-1 - Starting...
2022-04-02 16:39:40,146 INFO c.z.h.HikariDataSource [main] HikariPool-1 - Start completed.
2022-04-02 16:39:40,199 INFO o.h.j.i.u.LogHelper [main] HHH000204: Processing PersistenceUnitInfo [
	name: default
	...]
2022-04-02 16:39:40,276 INFO o.h.Version [main] HHH000412: Hibernate Core {5.3.10.Final}
2022-04-02 16:39:40,278 INFO o.h.c.Environment [main] HHH000206: hibernate.properties not found
2022-04-02 16:39:40,383 INFO o.h.a.c.r.j.JavaReflectionManager [main] HCANN000001: Hibernate Commons Annotations {5.0.4.Final}
2022-04-02 16:39:40,516 INFO o.h.d.Dialect [main] HHH000400: Using dialect: org.hibernate.dialect.H2Dialect
2022-04-02 16:39:41,246 INFO o.s.o.j.AbstractEntityManagerFactoryBean [main] Initialized JPA EntityManagerFactory for persistence unit 'default'
2022-04-02 16:39:41,930 WARN o.s.b.a.o.j.JpaBaseConfiguration$JpaWebConfiguration$JpaWebMvcConfiguration [main] spring.jpa.open-in-view is enabled by default. Therefore, database queries may be performed during view rendering. Explicitly configure spring.jpa.open-in-view to disable this warning
2022-04-02 16:39:42,029 INFO o.s.s.w.DefaultSecurityFilterChain [main] Creating filter chain: any request, [org.springframework.security.web.context.request.async.WebAsyncManagerIntegrationFilter@7ffc4195, org.springframework.security.web.context.SecurityContextPersistenceFilter@782143e8, org.springframework.security.web.header.HeaderWriterFilter@4f1a5b93, org.springframework.web.filter.CorsFilter@7ce760af, org.springframework.security.web.authentication.logout.LogoutFilter@29a50a11, com.example.demo.security.JWT_Authentication_Filter@3e4636c3, com.example.demo.security.JWTAuthen_Verification_Filters@7b6b466a, org.springframework.security.web.savedrequest.RequestCacheAwareFilter@6003eb60, org.springframework.security.web.servletapi.SecurityContextHolderAwareRequestFilter@7f31937b, org.springframework.security.web.authentication.AnonymousAuthenticationFilter@6686507b, org.springframework.security.web.session.SessionManagementFilter@5dd2ea0a, org.springframework.security.web.access.ExceptionTranslationFilter@2f3a0f37, org.springframework.security.web.access.intercept.FilterSecurityInterceptor@6ac83e67]
2022-04-02 16:39:42,191 INFO o.s.s.c.ExecutorConfigurationSupport [main] Initializing ExecutorService 'applicationTaskExecutor'
2022-04-02 16:39:42,394 INFO o.a.j.l.DirectJDKLog [main] Starting ProtocolHandler ["http-nio-8080"]
2022-04-02 16:39:42,439 INFO o.s.b.w.e.t.TomcatWebServer [main] Tomcat started on port(s): 8080 (http) with context path ''
2022-04-02 16:39:42,442 INFO o.s.b.StartupInfoLogger [main] Started SareetaApplication in 4.984 seconds (JVM running for 5.79)
2022-04-02 16:40:25,268 INFO o.s.s.c.ExecutorConfigurationSupport [Thread-3] Shutting down ExecutorService 'applicationTaskExecutor'
2022-04-02 16:40:25,271 INFO o.s.o.j.AbstractEntityManagerFactoryBean [Thread-3] Closing JPA EntityManagerFactory for persistence unit 'default'
2022-04-02 16:40:25,274 INFO c.z.h.HikariDataSource [Thread-3] HikariPool-1 - Shutdown initiated...
2022-04-02 16:40:25,276 INFO c.z.h.HikariDataSource [Thread-3] HikariPool-1 - Shutdown completed.
